
2016/5/4 15:55:20
[操作]Frxs.Erp.ServiceCenter.Promotion.MSSQLDAL.WProductPromotionDetails.GetList
[数据源]server=192.168.3.32;database=FRXS_ERP_PROMOTION_105;
[SQL语句]SELECT ID,PromotionID,105,WProductID,ProductID,SKU,ProductName,Unit,PackingQty,SaleUnit,SalePrice,OldPoint,Point,MaxOrderQty,CreateTime,CreateUserID,Create星沙物流-张丽 FROM WProductPromotionDetails where 1=1  AND 105 = @105 and  PromotionID in (select PromotionID from WProductPromotionShops where 183 ='183' ) and  ProductID in () and  PromotionID in (select PromotionID from dbo.WProductPromotion where 1=1 and Status=2 and 105=105 and 2016/5/4 15:55:20 <= '2016/5/4 15:55:20' and endTime >= '2016/5/4 15:55:20')
System.Data.SqlClient.SqlException (0x80131904): ')' 附近有语法错误。
   在 Frxs.Platform.DBUtility.DBHelper.GetIDataReader(String sql, IDbDataParameter[] parameters, Boolean isSql, Int32 timeOut)
   在 Frxs.Erp.ServiceCenter.Promotion.MSSQLDAL.WProductPromotionDetailsDAO.GetList(String where, SqlParameter[] sp) 位置 e:\MyWork\Code\ERP\trunk\Frxs.Erp.Project\Frxs.Erp.ServiceCenter\Frxs.Erp.ServiceCenter.Promotion.MSSQLDAL\WProductPromotion\WProductPromotionDetailsDAO.cs:行号 870
ClientConnectionId:5b1bd474-9068-4552-a39c-b9ed5c345edf

2016/5/4 15:55:20
[操作]Frxs.Erp.ServiceCenter.Promotion.MSSQLDAL.WProductPromotionDetails.GetList
[数据源]server=192.168.3.32;database=FRXS_ERP_PROMOTION_105;
[SQL语句]SELECT ID,PromotionID,105,WProductID,ProductID,SKU,ProductName,Unit,PackingQty,SaleUnit,SalePrice,OldPoint,Point,MaxOrderQty,CreateTime,CreateUserID,Create星沙物流-张丽 FROM WProductPromotionDetails where 1=1  AND 105 = @105 and  PromotionID in (select PromotionID from WProductPromotionShops where 183 ='183' ) and  ProductID in () and  PromotionID in (select PromotionID from dbo.WProductPromotion where Status=2 and  2=2)
System.Data.SqlClient.SqlException (0x80131904): ')' 附近有语法错误。
   在 Frxs.Platform.DBUtility.DBHelper.GetIDataReader(String sql, IDbDataParameter[] parameters, Boolean isSql, Int32 timeOut)
   在 Frxs.Erp.ServiceCenter.Promotion.MSSQLDAL.WProductPromotionDetailsDAO.GetList(String where, SqlParameter[] sp) 位置 e:\MyWork\Code\ERP\trunk\Frxs.Erp.Project\Frxs.Erp.ServiceCenter\Frxs.Erp.ServiceCenter.Promotion.MSSQLDAL\WProductPromotion\WProductPromotionDetailsDAO.cs:行号 870
ClientConnectionId:5b1bd474-9068-4552-a39c-b9ed5c345edf

2016/5/4 15:55:22
[操作]Frxs.Erp.ServiceCenter.Promotion.MSSQLDAL.WProductPromotionDetails.GetList
[数据源]server=192.168.3.32;database=FRXS_ERP_PROMOTION_105;
[SQL语句]SELECT ID,PromotionID,105,WProductID,ProductID,SKU,ProductName,Unit,PackingQty,SaleUnit,SalePrice,OldPoint,Point,MaxOrderQty,CreateTime,CreateUserID,Create星沙物流-张丽 FROM WProductPromotionDetails where 1=1  AND 105 = @105 and  PromotionID in (select PromotionID from WProductPromotionShops where 183 ='183' ) and  ProductID in () and  PromotionID in (select PromotionID from dbo.WProductPromotion where 1=1 and Status=2 and 105=105 and 2016/5/4 15:55:22 <= '2016/5/4 15:55:22' and endTime >= '2016/5/4 15:55:22')
System.Data.SqlClient.SqlException (0x80131904): ')' 附近有语法错误。
   在 Frxs.Platform.DBUtility.DBHelper.GetIDataReader(String sql, IDbDataParameter[] parameters, Boolean isSql, Int32 timeOut)
   在 Frxs.Erp.ServiceCenter.Promotion.MSSQLDAL.WProductPromotionDetailsDAO.GetList(String where, SqlParameter[] sp) 位置 e:\MyWork\Code\ERP\trunk\Frxs.Erp.Project\Frxs.Erp.ServiceCenter\Frxs.Erp.ServiceCenter.Promotion.MSSQLDAL\WProductPromotion\WProductPromotionDetailsDAO.cs:行号 870
ClientConnectionId:5b1bd474-9068-4552-a39c-b9ed5c345edf

2016/5/4 15:55:22
[操作]Frxs.Erp.ServiceCenter.Promotion.MSSQLDAL.WProductPromotionDetails.GetList
[数据源]server=192.168.3.32;database=FRXS_ERP_PROMOTION_105;
[SQL语句]SELECT ID,PromotionID,105,WProductID,ProductID,SKU,ProductName,Unit,PackingQty,SaleUnit,SalePrice,OldPoint,Point,MaxOrderQty,CreateTime,CreateUserID,Create星沙物流-张丽 FROM WProductPromotionDetails where 1=1  AND 105 = @105 and  PromotionID in (select PromotionID from WProductPromotionShops where 183 ='183' ) and  ProductID in () and  PromotionID in (select PromotionID from dbo.WProductPromotion where Status=2 and  2=2)
System.Data.SqlClient.SqlException (0x80131904): ')' 附近有语法错误。
   在 Frxs.Platform.DBUtility.DBHelper.GetIDataReader(String sql, IDbDataParameter[] parameters, Boolean isSql, Int32 timeOut)
   在 Frxs.Erp.ServiceCenter.Promotion.MSSQLDAL.WProductPromotionDetailsDAO.GetList(String where, SqlParameter[] sp) 位置 e:\MyWork\Code\ERP\trunk\Frxs.Erp.Project\Frxs.Erp.ServiceCenter\Frxs.Erp.ServiceCenter.Promotion.MSSQLDAL\WProductPromotion\WProductPromotionDetailsDAO.cs:行号 870
ClientConnectionId:5b1bd474-9068-4552-a39c-b9ed5c345edf

2016/5/4 15:55:24
[操作]Frxs.Erp.ServiceCenter.Promotion.MSSQLDAL.WProductPromotionDetails.GetList
[数据源]server=192.168.3.32;database=FRXS_ERP_PROMOTION_105;
[SQL语句]SELECT ID,PromotionID,105,WProductID,ProductID,SKU,ProductName,Unit,PackingQty,SaleUnit,SalePrice,OldPoint,Point,MaxOrderQty,CreateTime,CreateUserID,Create星沙物流-张丽 FROM WProductPromotionDetails where 1=1  AND 105 = @105 and  PromotionID in (select PromotionID from WProductPromotionShops where 183 ='183' ) and  ProductID in () and  PromotionID in (select PromotionID from dbo.WProductPromotion where 1=1 and Status=2 and 105=105 and 2016/5/4 15:55:24 <= '2016/5/4 15:55:24' and endTime >= '2016/5/4 15:55:24')
System.Data.SqlClient.SqlException (0x80131904): ')' 附近有语法错误。
   在 Frxs.Platform.DBUtility.DBHelper.GetIDataReader(String sql, IDbDataParameter[] parameters, Boolean isSql, Int32 timeOut)
   在 Frxs.Erp.ServiceCenter.Promotion.MSSQLDAL.WProductPromotionDetailsDAO.GetList(String where, SqlParameter[] sp) 位置 e:\MyWork\Code\ERP\trunk\Frxs.Erp.Project\Frxs.Erp.ServiceCenter\Frxs.Erp.ServiceCenter.Promotion.MSSQLDAL\WProductPromotion\WProductPromotionDetailsDAO.cs:行号 870
ClientConnectionId:5b1bd474-9068-4552-a39c-b9ed5c345edf

2016/5/4 15:55:24
[操作]Frxs.Erp.ServiceCenter.Promotion.MSSQLDAL.WProductPromotionDetails.GetList
[数据源]server=192.168.3.32;database=FRXS_ERP_PROMOTION_105;
[SQL语句]SELECT ID,PromotionID,105,WProductID,ProductID,SKU,ProductName,Unit,PackingQty,SaleUnit,SalePrice,OldPoint,Point,MaxOrderQty,CreateTime,CreateUserID,Create星沙物流-张丽 FROM WProductPromotionDetails where 1=1  AND 105 = @105 and  PromotionID in (select PromotionID from WProductPromotionShops where 183 ='183' ) and  ProductID in () and  PromotionID in (select PromotionID from dbo.WProductPromotion where Status=2 and  2=2)
System.Data.SqlClient.SqlException (0x80131904): ')' 附近有语法错误。
   在 Frxs.Platform.DBUtility.DBHelper.GetIDataReader(String sql, IDbDataParameter[] parameters, Boolean isSql, Int32 timeOut)
   在 Frxs.Erp.ServiceCenter.Promotion.MSSQLDAL.WProductPromotionDetailsDAO.GetList(String where, SqlParameter[] sp) 位置 e:\MyWork\Code\ERP\trunk\Frxs.Erp.Project\Frxs.Erp.ServiceCenter\Frxs.Erp.ServiceCenter.Promotion.MSSQLDAL\WProductPromotion\WProductPromotionDetailsDAO.cs:行号 870
ClientConnectionId:5b1bd474-9068-4552-a39c-b9ed5c345edf

2016/5/4 15:55:27
[操作]Frxs.Erp.ServiceCenter.Promotion.MSSQLDAL.WProductPromotionDetails.GetList
[数据源]server=192.168.3.32;database=FRXS_ERP_PROMOTION_105;
[SQL语句]SELECT ID,PromotionID,105,WProductID,ProductID,SKU,ProductName,Unit,PackingQty,SaleUnit,SalePrice,OldPoint,Point,MaxOrderQty,CreateTime,CreateUserID,Create星沙物流-张丽 FROM WProductPromotionDetails where 1=1  AND 105 = @105 and  PromotionID in (select PromotionID from WProductPromotionShops where 183 ='183' ) and  ProductID in () and  PromotionID in (select PromotionID from dbo.WProductPromotion where 1=1 and Status=2 and 105=105 and 2016/5/4 15:55:27 <= '2016/5/4 15:55:27' and endTime >= '2016/5/4 15:55:27')
System.Data.SqlClient.SqlException (0x80131904): ')' 附近有语法错误。
   在 Frxs.Platform.DBUtility.DBHelper.GetIDataReader(String sql, IDbDataParameter[] parameters, Boolean isSql, Int32 timeOut)
   在 Frxs.Erp.ServiceCenter.Promotion.MSSQLDAL.WProductPromotionDetailsDAO.GetList(String where, SqlParameter[] sp) 位置 e:\MyWork\Code\ERP\trunk\Frxs.Erp.Project\Frxs.Erp.ServiceCenter\Frxs.Erp.ServiceCenter.Promotion.MSSQLDAL\WProductPromotion\WProductPromotionDetailsDAO.cs:行号 870
ClientConnectionId:5b1bd474-9068-4552-a39c-b9ed5c345edf

2016/5/4 15:55:27
[操作]Frxs.Erp.ServiceCenter.Promotion.MSSQLDAL.WProductPromotionDetails.GetList
[数据源]server=192.168.3.32;database=FRXS_ERP_PROMOTION_105;
[SQL语句]SELECT ID,PromotionID,105,WProductID,ProductID,SKU,ProductName,Unit,PackingQty,SaleUnit,SalePrice,OldPoint,Point,MaxOrderQty,CreateTime,CreateUserID,Create星沙物流-张丽 FROM WProductPromotionDetails where 1=1  AND 105 = @105 and  PromotionID in (select PromotionID from WProductPromotionShops where 183 ='183' ) and  ProductID in () and  PromotionID in (select PromotionID from dbo.WProductPromotion where Status=2 and  2=2)
System.Data.SqlClient.SqlException (0x80131904): ')' 附近有语法错误。
   在 Frxs.Platform.DBUtility.DBHelper.GetIDataReader(String sql, IDbDataParameter[] parameters, Boolean isSql, Int32 timeOut)
   在 Frxs.Erp.ServiceCenter.Promotion.MSSQLDAL.WProductPromotionDetailsDAO.GetList(String where, SqlParameter[] sp) 位置 e:\MyWork\Code\ERP\trunk\Frxs.Erp.Project\Frxs.Erp.ServiceCenter\Frxs.Erp.ServiceCenter.Promotion.MSSQLDAL\WProductPromotion\WProductPromotionDetailsDAO.cs:行号 870
ClientConnectionId:5b1bd474-9068-4552-a39c-b9ed5c345edf

2016/5/4 15:55:35
[操作]Frxs.Erp.ServiceCenter.Promotion.MSSQLDAL.WProductPromotionDetails.GetList
[数据源]server=192.168.3.32;database=FRXS_ERP_PROMOTION_105;
[SQL语句]SELECT ID,PromotionID,105,WProductID,ProductID,SKU,ProductName,Unit,PackingQty,SaleUnit,SalePrice,OldPoint,Point,MaxOrderQty,CreateTime,CreateUserID,Create星沙物流-张丽 FROM WProductPromotionDetails where 1=1  AND 105 = @105 and  PromotionID in (select PromotionID from WProductPromotionShops where 183 ='183' ) and  ProductID in () and  PromotionID in (select PromotionID from dbo.WProductPromotion where 1=1 and Status=2 and 105=105 and 2016/5/4 15:55:35 <= '2016/5/4 15:55:35' and endTime >= '2016/5/4 15:55:35')
System.Data.SqlClient.SqlException (0x80131904): ')' 附近有语法错误。
   在 Frxs.Platform.DBUtility.DBHelper.GetIDataReader(String sql, IDbDataParameter[] parameters, Boolean isSql, Int32 timeOut)
   在 Frxs.Erp.ServiceCenter.Promotion.MSSQLDAL.WProductPromotionDetailsDAO.GetList(String where, SqlParameter[] sp) 位置 e:\MyWork\Code\ERP\trunk\Frxs.Erp.Project\Frxs.Erp.ServiceCenter\Frxs.Erp.ServiceCenter.Promotion.MSSQLDAL\WProductPromotion\WProductPromotionDetailsDAO.cs:行号 870
ClientConnectionId:5b1bd474-9068-4552-a39c-b9ed5c345edf

2016/5/4 15:55:35
[操作]Frxs.Erp.ServiceCenter.Promotion.MSSQLDAL.WProductPromotionDetails.GetList
[数据源]server=192.168.3.32;database=FRXS_ERP_PROMOTION_105;
[SQL语句]SELECT ID,PromotionID,105,WProductID,ProductID,SKU,ProductName,Unit,PackingQty,SaleUnit,SalePrice,OldPoint,Point,MaxOrderQty,CreateTime,CreateUserID,Create星沙物流-张丽 FROM WProductPromotionDetails where 1=1  AND 105 = @105 and  PromotionID in (select PromotionID from WProductPromotionShops where 183 ='183' ) and  ProductID in () and  PromotionID in (select PromotionID from dbo.WProductPromotion where Status=2 and  2=2)
System.Data.SqlClient.SqlException (0x80131904): ')' 附近有语法错误。
   在 Frxs.Platform.DBUtility.DBHelper.GetIDataReader(String sql, IDbDataParameter[] parameters, Boolean isSql, Int32 timeOut)
   在 Frxs.Erp.ServiceCenter.Promotion.MSSQLDAL.WProductPromotionDetailsDAO.GetList(String where, SqlParameter[] sp) 位置 e:\MyWork\Code\ERP\trunk\Frxs.Erp.Project\Frxs.Erp.ServiceCenter\Frxs.Erp.ServiceCenter.Promotion.MSSQLDAL\WProductPromotion\WProductPromotionDetailsDAO.cs:行号 870
ClientConnectionId:5b1bd474-9068-4552-a39c-b9ed5c345edf

2016/5/4 15:55:40
[操作]Frxs.Erp.ServiceCenter.Promotion.MSSQLDAL.WProductPromotionDetails.GetList
[数据源]server=192.168.3.32;database=FRXS_ERP_PROMOTION_105;
[SQL语句]SELECT ID,PromotionID,105,WProductID,ProductID,SKU,ProductName,Unit,PackingQty,SaleUnit,SalePrice,OldPoint,Point,MaxOrderQty,CreateTime,CreateUserID,Create星沙物流-张丽 FROM WProductPromotionDetails where 1=1  AND 105 = @105 and  PromotionID in (select PromotionID from WProductPromotionShops where 183 ='183' ) and  ProductID in () and  PromotionID in (select PromotionID from dbo.WProductPromotion where 1=1 and Status=2 and 105=105 and 2016/5/4 15:55:39 <= '2016/5/4 15:55:39' and endTime >= '2016/5/4 15:55:39')
System.Data.SqlClient.SqlException (0x80131904): ')' 附近有语法错误。
   在 Frxs.Platform.DBUtility.DBHelper.GetIDataReader(String sql, IDbDataParameter[] parameters, Boolean isSql, Int32 timeOut)
   在 Frxs.Erp.ServiceCenter.Promotion.MSSQLDAL.WProductPromotionDetailsDAO.GetList(String where, SqlParameter[] sp) 位置 e:\MyWork\Code\ERP\trunk\Frxs.Erp.Project\Frxs.Erp.ServiceCenter\Frxs.Erp.ServiceCenter.Promotion.MSSQLDAL\WProductPromotion\WProductPromotionDetailsDAO.cs:行号 870
ClientConnectionId:5b1bd474-9068-4552-a39c-b9ed5c345edf

2016/5/4 15:55:40
[操作]Frxs.Erp.ServiceCenter.Promotion.MSSQLDAL.WProductPromotionDetails.GetList
[数据源]server=192.168.3.32;database=FRXS_ERP_PROMOTION_105;
[SQL语句]SELECT ID,PromotionID,105,WProductID,ProductID,SKU,ProductName,Unit,PackingQty,SaleUnit,SalePrice,OldPoint,Point,MaxOrderQty,CreateTime,CreateUserID,Create星沙物流-张丽 FROM WProductPromotionDetails where 1=1  AND 105 = @105 and  PromotionID in (select PromotionID from WProductPromotionShops where 183 ='183' ) and  ProductID in () and  PromotionID in (select PromotionID from dbo.WProductPromotion where Status=2 and  2=2)
System.Data.SqlClient.SqlException (0x80131904): ')' 附近有语法错误。
   在 Frxs.Platform.DBUtility.DBHelper.GetIDataReader(String sql, IDbDataParameter[] parameters, Boolean isSql, Int32 timeOut)
   在 Frxs.Erp.ServiceCenter.Promotion.MSSQLDAL.WProductPromotionDetailsDAO.GetList(String where, SqlParameter[] sp) 位置 e:\MyWork\Code\ERP\trunk\Frxs.Erp.Project\Frxs.Erp.ServiceCenter\Frxs.Erp.ServiceCenter.Promotion.MSSQLDAL\WProductPromotion\WProductPromotionDetailsDAO.cs:行号 870
ClientConnectionId:5b1bd474-9068-4552-a39c-b9ed5c345edf
